#
# There is insufficient memory for the Java Runtime Environment to continue.
# Native memory allocation (mmap) failed to map 268435456 bytes for G1 virtual space
# Possible reasons:
#   The system is out of physical RAM or swap space
#   The process is running with CompressedOops enabled, and the Java Heap may be blocking the growth of the native heap
# Possible solutions:
#   Reduce memory load on the system
#   Increase physical memory or swap space
#   Check if swap backing store is full
#   Decrease Java heap size (-Xmx/-Xms)
#   Decrease number of Java threads
#   Decrease Java thread stack sizes (-Xss)
#   Set larger code cache with -XX:ReservedCodeCacheSize=
#   JVM is running with Zero Based Compressed Oops mode in which the Java heap is
#     placed in the first 32GB address space. The Java Heap base address is the
#     maximum limit for the native heap growth. Please use -XX:HeapBaseMinAddress
#     to set the Java Heap base and to place the Java Heap above 32GB virtual address.
# This output file may be truncated or incomplete.
#
#  Out of Memory Error (os_windows.cpp:3530), pid=4492, tid=3104
#
# JRE version:  (18.0.2.1+1) (build )
# Java VM: Java HotSpot(TM) 64-Bit Server VM (18.0.2.1+1-1, mixed mode, sharing, tiered, compressed oops, compressed class ptrs, g1 gc, windows-amd64)
# No core dump will be written. Minidumps are not enabled by default on client versions of Windows
#

---------------  S U M M A R Y ------------

Command Line: -Dfile.encoding=UTF-8 -XX:+ShowCodeDetailsInExceptionMessages projeto_poo.Programa

Host: Intel(R) Core(TM) i5-9400F CPU @ 2.90GHz, 6 cores, 15G,  Windows 10 , 64 bit Build 19041 (10.0.19041.1806)
Time: Wed Dec  7 00:00:48 2022 Hora oficial do Brasil elapsed time: 0.009222 seconds (0d 0h 0m 0s)

---------------  T H R E A D  ---------------

Current thread (0x0000021e5907f850):  JavaThread "Unknown thread" [_thread_in_vm, id=3104, stack(0x000000fa6ba00000,0x000000fa6bb00000)]

Stack: [0x000000fa6ba00000,0x000000fa6bb00000]
Native frames: (J=compiled Java code, j=interpreted, Vv=VM code, C=native code)
V  [jvm.dll+0x6993aa]
V  [jvm.dll+0x7f46dd]
V  [jvm.dll+0x7f5fee]
V  [jvm.dll+0x7f66a3]
V  [jvm.dll+0x25cf1f]
V  [jvm.dll+0x6962f9]
V  [jvm.dll+0x68ae2a]
V  [jvm.dll+0x32255b]
V  [jvm.dll+0x329f36]
V  [jvm.dll+0x37eade]
V  [jvm.dll+0x37ed0f]
V  [jvm.dll+0x2fa2da]
V  [jvm.dll+0x2fb33d]
V  [jvm.dll+0x7c3310]
V  [jvm.dll+0x38be61]
V  [jvm.dll+0x7a2023]
V  [jvm.dll+0x40dc3f]
V  [jvm.dll+0x40f611]
C  [jli.dll+0x526b]
C  [ucrtbase.dll+0x21bb2]
C  [KERNEL32.DLL+0x17034]
C  [ntdll.dll+0x52651]


---------------  P R O C E S S  ---------------

Threads class SMR info:
_java_thread_list=0x00007ff954b0e550, length=0, elements={
}

Java Threads: ( => current thread )

Other Threads:
  0x0000021e590ef350 WorkerThread "GC Thread#0" [stack: 0x000000fa6bb00000,0x000000fa6bc00000] [id=10932]
  0x0000021e591011a0 ConcurrentGCThread "G1 Main Marker" [stack: 0x000000fa6bc00000,0x000000fa6bd00000] [id=16448]
  0x0000021e59101b90 WorkerThread "G1 Conc#0" [stack: 0x000000fa6bd00000,0x000000fa6be00000] [id=8896]

[error occurred during error reporting (printing all threads), id 0xc0000005, EXCEPTION_ACCESS_VIOLATION (0xc0000005) at pc=0x00007ff95433a877]

VM state: not at safepoint (not fully initialized)

VM Mutex/Monitor currently owned by a thread:  ([mutex/lock_event])
[0x0000021e5907b4f0] Heap_lock - owner thread: 0x0000021e5907f850

Heap address: 0x0000000700e00000, size: 4082 MB, Compressed Oops mode: Zero based, Oop shift amount: 3

CDS archive(s) mapped at: [0x0000000000000000-0x0000000000000000-0x0000000000000000), size 0, SharedBaseAddress: 0x0000000800000000, ArchiveRelocationMode: 0.
Narrow klass base: 0x0000000000000000, Narrow klass shift: 0, Narrow klass range: 0x0

GC Precious Log:
 CardTable entry size: 512
 Card Set container configuration: InlinePtr #cards 4 size 8 Array Of Cards #cards 16 size 48 Howl #buckets 8 coarsen threshold 3686 Howl Bitmap #cards 512 size 80 coarsen threshold 460 Card regions per heap region 1 cards per card region 4096

Heap:
 garbage-first heap   total 0K, used 0K [0x0000000700e00000, 0x0000000800000000)
  region size 2048K, 0 young (0K), 0 survivors (0K)

[error occurred during error reporting (printing heap information), id 0xc0000005, EXCEPTION_ACCESS_VIOLATION (0xc0000005) at pc=0x00007ff954721839]

GC Heap History (0 events):
No events

Deoptimization events (0 events):
No events

Classes loaded (0 events):
No events

Classes unloaded (0 events):
No events

Classes redefined (0 events):
No events

Internal exceptions (0 events):
No events

VM Operations (0 events):
No events

Events (1 events):
Event: 0.005 Loaded shared library C:\Program Files\Java\jdk-18.0.2.1\bin\java.dll


Dynamic libraries:
0x00007ff653f70000 - 0x00007ff653f80000 	C:\Program Files\Java\jdk-18.0.2.1\bin\javaw.exe
0x00007ff99b4d0000 - 0x00007ff99b6c8000 	C:\Windows\SYSTEM32\ntdll.dll
0x00007ff99b130000 - 0x00007ff99b1ed000 	C:\Windows\System32\KERNEL32.DLL
0x00007ff9990d0000 - 0x00007ff99939e000 	C:\Windows\System32\KERNELBASE.dll
0x00007ff998d30000 - 0x00007ff998e30000 	C:\Windows\System32\ucrtbase.dll
0x00007ff98e8e0000 - 0x00007ff98e8fa000 	C:\Program Files\Java\jdk-18.0.2.1\bin\VCRUNTIME140.dll
0x00007ff98ece0000 - 0x00007ff98ecf8000 	C:\Program Files\Java\jdk-18.0.2.1\bin\jli.dll
0x00007ff999c90000 - 0x00007ff999d3e000 	C:\Windows\System32\ADVAPI32.dll
0x00007ff99b390000 - 0x00007ff99b42e000 	C:\Windows\System32\msvcrt.dll
0x00007ff999530000 - 0x00007ff9995cc000 	C:\Windows\System32\sechost.dll
0x00007ff99ae70000 - 0x00007ff99af95000 	C:\Windows\System32\RPCRT4.dll
0x00007ff99b1f0000 - 0x00007ff99b390000 	C:\Windows\System32\USER32.dll
0x00007ff98bdd0000 - 0x00007ff98c06a000 	C:\Windows\WinSxS\amd64_microsoft.windows.common-controls_6595b64144ccf1df_6.0.19041.1110_none_60b5254171f9507e\COMCTL32.dll
0x00007ff998f90000 - 0x00007ff998fb2000 	C:\Windows\System32\win32u.dll
0x00007ff99ae40000 - 0x00007ff99ae6a000 	C:\Windows\System32\GDI32.dll
0x00007ff998fc0000 - 0x00007ff9990cb000 	C:\Windows\System32\gdi32full.dll
0x00007ff998c90000 - 0x00007ff998d2d000 	C:\Windows\System32\msvcp_win.dll
0x00007ff992780000 - 0x00007ff99278a000 	C:\Windows\SYSTEM32\VERSION.dll
0x00007ff999c50000 - 0x00007ff999c80000 	C:\Windows\System32\IMM32.DLL
0x00007ff98ecc0000 - 0x00007ff98eccc000 	C:\Program Files\Java\jdk-18.0.2.1\bin\vcruntime140_1.dll
0x00007ff98a1a0000 - 0x00007ff98a22d000 	C:\Program Files\Java\jdk-18.0.2.1\bin\msvcp140.dll
0x00007ff954030000 - 0x00007ff954c41000 	C:\Program Files\Java\jdk-18.0.2.1\bin\server\jvm.dll
0x00007ff999c80000 - 0x00007ff999c88000 	C:\Windows\System32\PSAPI.DLL
0x00007ff9947c0000 - 0x00007ff9947c9000 	C:\Windows\SYSTEM32\WSOCK32.dll
0x00007ff98e900000 - 0x00007ff98e927000 	C:\Windows\SYSTEM32\WINMM.dll
0x00007ff99add0000 - 0x00007ff99ae3b000 	C:\Windows\System32\WS2_32.dll
0x00007ff996b10000 - 0x00007ff996b22000 	C:\Windows\SYSTEM32\kernel.appcore.dll
0x00007ff9940a0000 - 0x00007ff9940aa000 	C:\Program Files\Java\jdk-18.0.2.1\bin\jimage.dll
0x00007ff9919e0000 - 0x00007ff991bc4000 	C:\Windows\SYSTEM32\DBGHELP.DLL
0x00007ff97f6b0000 - 0x00007ff97f6dc000 	C:\Windows\SYSTEM32\dbgcore.DLL
0x00007ff9993a0000 - 0x00007ff999422000 	C:\Windows\System32\bcryptPrimitives.dll
0x00007ff993d20000 - 0x00007ff993d45000 	C:\Program Files\Java\jdk-18.0.2.1\bin\java.dll

dbghelp: loaded successfully - version: 4.0.5 - missing functions: none
symbol engine: initialized successfully - sym options: 0x614 - pdb path: .;C:\Program Files\Java\jdk-18.0.2.1\bin;C:\Windows\SYSTEM32;C:\Windows\WinSxS\amd64_microsoft.windows.common-controls_6595b64144ccf1df_6.0.19041.1110_none_60b5254171f9507e;C:\Program Files\Java\jdk-18.0.2.1\bin\server

VM Arguments:
jvm_args: -Dfile.encoding=UTF-8 -XX:+ShowCodeDetailsInExceptionMessages 
java_command: projeto_poo.Programa
java_class_path (initial): C:\Users\Atos\Desktop\java\com.projeto_poo\target\classes;C:\Users\Atos\Desktop\java\com.projeto_poo\lib\activation-1.1.jar;C:\Users\Atos\Desktop\java\com.projeto_poo\lib\commons-email-1.5.jar;C:\Users\Atos\Desktop\java\com.projeto_poo\lib\iText-5.0.5.jar;C:\Users\Atos\Desktop\java\com.projeto_poo\lib\javax.mail-1.5.6.jar;C:\Users\Atos\Desktop\java\com.projeto_poo\lib\xstream-1.4.19.jar
Launcher Type: SUN_STANDARD

[Global flags]
     intx CICompilerCount                          = 3                                         {product} {ergonomic}
     uint ConcGCThreads                            = 2                                         {product} {ergonomic}
     uint G1ConcRefinementThreads                  = 6                                         {product} {ergonomic}
   size_t G1HeapRegionSize                         = 2097152                                   {product} {ergonomic}
    uintx GCDrainStackTargetSize                   = 64                                        {product} {ergonomic}
   size_t InitialHeapSize                          = 268435456                                 {product} {ergonomic}
   size_t MarkStackSize                            = 4194304                                   {product} {ergonomic}
   size_t MaxHeapSize                              = 4280287232                                {product} {ergonomic}
   size_t MinHeapDeltaBytes                        = 2097152                                   {product} {ergonomic}
   size_t MinHeapSize                              = 8388608                                   {product} {ergonomic}
    uintx NonNMethodCodeHeapSize                   = 5832780                                {pd product} {ergonomic}
    uintx NonProfiledCodeHeapSize                  = 122912730                              {pd product} {ergonomic}
    uintx ProfiledCodeHeapSize                     = 122912730                              {pd product} {ergonomic}
    uintx ReservedCodeCacheSize                    = 251658240                              {pd product} {ergonomic}
     bool SegmentedCodeCache                       = true                                      {product} {ergonomic}
     bool ShowCodeDetailsInExceptionMessages       = true                                   {manageable} {command line}
   size_t SoftMaxHeapSize                          = 4280287232                             {manageable} {ergonomic}
     bool UseCompressedClassPointers               = true                           {product lp64_product} {ergonomic}
     bool UseCompressedOops                        = true                           {product lp64_product} {ergonomic}
     bool UseG1GC                                  = true                                      {product} {ergonomic}
     bool UseLargePagesIndividualAllocation        = false                                  {pd product} {ergonomic}

Logging:
Log output configuration:
 #0: stdout all=warning uptime,level,tags foldmultilines=false
 #1: stderr all=off uptime,level,tags foldmultilines=false

Environment Variables:
PATH=C:/Program Files/Java/jdk-18.0.2.1/bin/server;C:/Program Files/Java/jdk-18.0.2.1/bin;C:\Program Files\Common Files\Oracle\Java\javapath;C:\Program Files (x86)\Common Files\Oracle\Java\javapath;C:\Python310\Scripts\;C:\Python310\;C:\Windows\system32;C:\Windows;C:\Windows\System32\Wbem;C:\Windows\System32\WindowsPowerShell\v1.0\;C:\Windows\System32\OpenSSH\;C:\ProgramData\chocolatey\bin;C:\Program Files\nodejs\;C:\Program Files\Git\cmd;C:\Program Files (x86)\NVIDIA Corporation\PhysX\Common;C:\Users\Atos\AppData\Local\Microsoft\WindowsApps;;C:\Program Files\JetBrains\PyCharm Community Edition 2021.1.3\bin;;C:\Users\Atos\AppData\Local\Programs\Microsoft VS Code\bin;C:\Users\Atos\AppData\Roaming\npm;C:\Users\Atos\Desktop;
USERNAME=Atos
OS=Windows_NT
PROCESSOR_IDENTIFIER=Intel64 Family 6 Model 158 Stepping 10, GenuineIntel



---------------  S Y S T E M  ---------------

OS:
 Windows 10 , 64 bit Build 19041 (10.0.19041.1806)
OS uptime: 12 days 5:35 hours

CPU: total 6 (initial active 6) (6 cores per cpu, 1 threads per core) family 6 model 158 stepping 10 microcode 0xd6, cx8, cmov, fxsr, mmx, 3dnowpref, sse, sse2, sse3, ssse3, sse4.1, sse4.2, popcnt, lzcnt, tsc, tscinvbit, avx, avx2, aes, erms, clmul, bmi1, bmi2, adx, fma, vzeroupper, clflush, clflushopt

Memory: 4k page, system-wide physical 16322M (8887M free)
TotalPageFile size 24711M (AvailPageFile size 98M)
current process WorkingSet (physical memory assigned to process): 10M, peak: 10M
current process commit charge ("private bytes"): 56M, peak: 312M

vm_info: Java HotSpot(TM) 64-Bit Server VM (18.0.2.1+1-1) for windows-amd64 JRE (18.0.2.1+1-1), built on Aug 16 2022 01:46:33 by "mach5one" with MS VC++ 16.8 / 16.9 (VS2019)

END.
